\BOOKMARK [1][-]{section.1}{[5pts] Show that update 1 and update 2 are the same when the functions in Q are of the form Qw\(s,a\) = wT\(s,a\), with w R|S||A| and : S A R|S||A|, where the feature function \040is of the form \(s,a\)s',a' = 1[s'=s, a'=a]}{}% 1
\BOOKMARK [1][-]{section.2}{[5pts] Implement a linear Q-network \(no experience replay or target fixing\). Use the experimental setup of mnih2013playing,mnih2015human to the extent possible}{}% 2
\BOOKMARK [1][-]{section.3}{[10pts] Implement a linear Q-network with experience replay and target fixing. Use the experimental setup of mnih2013playing,mnih2015human to the extent possible}{}% 3
\BOOKMARK [1][-]{section.4}{[5pts] Implement a linear double Q-network. Use the the experimental setup of mnih2013playing,mnih2015human to the extent possible.}{}% 4
\BOOKMARK [1][-]{section.5}{[35pts] Implement the deep Q-network as described in mnih2013playing,mnih2015human}{}% 5
\BOOKMARK [1][-]{section.6}{[20pts] Implement the double deep Q-network as described in van2016deep}{}% 6
\BOOKMARK [1][-]{section.7}{[20pts] Implement the dueling deep Q-network as described in wang2015dueling}{}% 7
\BOOKMARK [2][-]{subsection.7.1}{Style}{section.7}% 8
\BOOKMARK [2][-]{subsection.7.2}{Retrieval of style files}{section.7}% 9
\BOOKMARK [1][-]{section.8}{General formatting instructions}{}% 10
\BOOKMARK [1][-]{section.9}{Headings: first level}{}% 11
\BOOKMARK [2][-]{subsection.9.1}{Headings: second level}{section.9}% 12
\BOOKMARK [3][-]{subsubsection.9.1.1}{Headings: third level}{subsection.9.1}% 13
\BOOKMARK [1][-]{section.10}{Citations, figures, tables, references}{}% 14
\BOOKMARK [2][-]{subsection.10.1}{Citations within the text}{section.10}% 15
\BOOKMARK [2][-]{subsection.10.2}{Footnotes}{section.10}% 16
\BOOKMARK [2][-]{subsection.10.3}{Figures}{section.10}% 17
\BOOKMARK [2][-]{subsection.10.4}{Tables}{section.10}% 18
\BOOKMARK [1][-]{section.11}{Final instructions}{}% 19
\BOOKMARK [1][-]{section.12}{Preparing PDF files}{}% 20
\BOOKMARK [2][-]{subsection.12.1}{Margins in LaTeX}{section.12}% 21
